<?xml version="1.0" encoding="UTF-8"?>
<!-- Generated by org.testng.reporters.JUnitReportReporter -->
<testsuite hostname="DESKTOP-8OBLECF" name="testcases.RunTestSeleniumGrid" tests="1" failures="0" timestamp="3 Apr 2020 02:41:11 GMT" time="11.976" errors="0">
  <testcase name="executeTest" time="11.976" classname="testcases.RunTestSeleniumGrid"/>
</testsuite> <!-- testcases.RunTestSeleniumGrid -->
