<?xml version="1.0" encoding="UTF-8"?>
<!-- Generated by org.testng.reporters.JUnitReportReporter -->
<testsuite hostname="DESKTOP-8OBLECF" name="testcases.RunTestSeleniumGrid2" tests="1" failures="0" timestamp="3 Apr 2020 02:50:25 GMT" time="53.323" errors="0">
  <testcase name="executeTest" time="53.323" classname="testcases.RunTestSeleniumGrid2"/>
</testsuite> <!-- testcases.RunTestSeleniumGrid2 -->
