<?xml version="1.0" encoding="UTF-8"?>
<!-- Generated by org.testng.reporters.JUnitReportReporter -->
<testsuite hostname="DESKTOP-8OBLECF" name="testcases.SmokeTest" tests="1" failures="0" timestamp="28 Mar 2020 14:26:32 GMT" time="9.821" errors="0">
  <testcase name="validLogin" time="9.821" classname="testcases.SmokeTest"/>
</testsuite> <!-- testcases.SmokeTest -->
